  fart.cpp
C:\Users\saxto\source\repos\AeroKro External\AeroKro External\Utils.h(320,74): warning C4267: 'argument': conversion from 'size_t' to 'int', possible loss of data
fart.cpp(109,16): warning C4244: 'initializing': conversion from 'double' to 'float', possible loss of data
fart.cpp(182,9): warning C4129: ' ': unrecognized character escape sequence
fart.cpp(544,16): warning C4244: 'initializing': conversion from 'double' to 'float', possible loss of data
fart.cpp(536,19): warning C4101: 'PtrPitch': unreferenced local variable
fart.cpp(640,55): warning C4244: 'argument': conversion from 'int' to 'float', possible loss of data
fart.cpp(640,52): warning C4244: 'argument': conversion from 'int' to 'float', possible loss of data
fart.cpp(640,75): warning C4244: 'argument': conversion from 'int' to 'float', possible loss of data
fart.cpp(640,68): warning C4244: 'argument': conversion from 'int' to 'float', possible loss of data
fart.cpp(640,182): warning C4244: 'argument': conversion from 'double' to 'float', possible loss of data
fart.cpp(640,164): warning C4244: 'argument': conversion from 'double' to 'float', possible loss of data
fart.cpp(640,146): warning C4244: 'argument': conversion from 'double' to 'float', possible loss of data
fart.cpp(640,128): warning C4244: 'argument': conversion from 'double' to 'float', possible loss of data
fart.cpp(726,20): warning C4018: '<': signed/unsigned mismatch
fart.cpp(783,65): warning C4244: 'argument': conversion from 'DWORD' to 'float', possible loss of data
fart.cpp(783,50): warning C4244: 'argument': conversion from 'DWORD' to 'float', possible loss of data
fart.cpp(783,139): warning C4244: 'argument': conversion from 'float' to 'int', possible loss of data
fart.cpp(839,64): warning C4244: 'argument': conversion from 'DWORD' to 'float', possible loss of data
fart.cpp(839,49): warning C4244: 'argument': conversion from 'DWORD' to 'float', possible loss of data
fart.cpp(839,134): warning C4244: 'argument': conversion from 'float' to 'int', possible loss of data
fart.cpp(840,64): warning C4244: 'argument': conversion from 'DWORD' to 'float', possible loss of data
fart.cpp(840,49): warning C4244: 'argument': conversion from 'DWORD' to 'float', possible loss of data
fart.cpp(840,140): warning C4244: 'argument': conversion from 'float' to 'int', possible loss of data
fart.cpp(844,64): warning C4244: 'argument': conversion from 'DWORD' to 'float', possible loss of data
fart.cpp(844,49): warning C4244: 'argument': conversion from 'DWORD' to 'float', possible loss of data
fart.cpp(844,176): warning C4244: 'argument': conversion from 'float' to 'int', possible loss of data
fart.cpp(849,64): warning C4244: 'argument': conversion from 'DWORD' to 'float', possible loss of data
fart.cpp(849,49): warning C4244: 'argument': conversion from 'DWORD' to 'float', possible loss of data
fart.cpp(850,70): warning C4244: 'argument': conversion from 'DWORD' to 'float', possible loss of data
fart.cpp(850,55): warning C4244: 'argument': conversion from 'DWORD' to 'float', possible loss of data
fart.cpp(854,70): warning C4244: 'argument': conversion from 'int' to 'float', possible loss of data
fart.cpp(854,57): warning C4244: 'argument': conversion from 'int' to 'float', possible loss of data
fart.cpp(854,105): warning C4244: 'argument': conversion from 'int' to 'float', possible loss of data
fart.cpp(854,93): warning C4244: 'argument': conversion from 'int' to 'float', possible loss of data
fart.cpp(855,70): warning C4244: 'argument': conversion from 'int' to 'float', possible loss of data
fart.cpp(855,57): warning C4244: 'argument': conversion from 'int' to 'float', possible loss of data
fart.cpp(855,105): warning C4244: 'argument': conversion from 'int' to 'float', possible loss of data
fart.cpp(855,93): warning C4244: 'argument': conversion from 'int' to 'float', possible loss of data
fart.cpp(856,69): warning C4244: 'argument': conversion from 'int' to 'float', possible loss of data
fart.cpp(856,53): warning C4244: 'argument': conversion from 'int' to 'float', possible loss of data
fart.cpp(856,105): warning C4244: 'argument': conversion from 'int' to 'float', possible loss of data
fart.cpp(856,89): warning C4244: 'argument': conversion from 'int' to 'float', possible loss of data
fart.cpp(857,69): warning C4244: 'argument': conversion from 'int' to 'float', possible loss of data
fart.cpp(857,53): warning C4244: 'argument': conversion from 'int' to 'float', possible loss of data
fart.cpp(857,105): warning C4244: 'argument': conversion from 'int' to 'float', possible loss of data
fart.cpp(857,89): warning C4244: 'argument': conversion from 'int' to 'float', possible loss of data
fart.cpp(833,6): warning C4101: 'Y': unreferenced local variable
fart.cpp(832,6): warning C4101: 'X': unreferenced local variable
fart.cpp(995,23): warning C4244: '=': conversion from 'LONG' to 'float', possible loss of data
fart.cpp(996,23): warning C4244: '=': conversion from 'LONG' to 'float', possible loss of data
  Generating code
  1 of 1069 functions (<0.1%) were compiled, the rest were copied from previous compilation.
    0 functions were new in current compilation
    13 functions had inline decision re-evaluated but remain unchanged
  Finished generating code
  AeroKro External.vcxproj -> C:\Users\saxto\source\repos\AeroKro External\x64\Release\AeroKro External.exe
